(---------------------------------------------------------------------)
(                                                                     )
(    QUICKPLACE LOG                                                   )
(                                                                     )
(    Drawing          : SmartRing.brd                                 )
(    Software Version : 16.3p006                                      )
(    Date/Time        : Thu Jan 23 17:02:00 2014                      )
(                                                                     )
(---------------------------------------------------------------------)


State: Placing on side Top

         Placed symbol:  U6 / SIM800L_SIM800L_SIM800L / SIM800L at (-940.819 791.465)
         Placed symbol:  U1 / CC2541_CC2541_CC2541-VQFN / CC2541 at (-418.840 604.656)
         Placed symbol:  U2 / BQ24072_BQ24072_BQ24072-QFN / BQ24072 at (-185.940 542.756)
         Placed symbol:  HEADER1 / HEADER2X8_HEADER8X2_PORTS / HEADER8X2 at (-31.523 520.992)
         Placed symbol:  J1 / CC_DEBUGGER_HEADER5X2_CC_DEBUGG / HEADER5X2 at (797.737 520.992)
         Placed symbol:  U5 / MC3210_MC3210_MC3200-VQFN / MC3210 at (1348.257 531.622)
         Placed symbol:  HEADER3 / HEADER2X5_HEADER5X2_HEADER2X5 / HEADER5X2 at (1977.292 284.520)
         Placed symbol:  A2 / AN_SMD_0_ANSMD_RAINSUN_AN_SMD / ANSMD_RAINSUN at (1596.414 765.874)
         Placed symbol:  B1 / BALUN_LFB182G45BG2D280_LFB182G4 / LFB182G45BG2D280 at (1803.233 504.063)
         Placed symbol:  U3 / TPS6122X_TPS61220DCKR_TPS61220D / TPS61220DCKR at (1974.949 169.784)
         Placed symbol:  HEADER2 / HEADER2X3_HEADER3X2_POWER / HEADER3X2 at (1978.866 -44.952)
         Placed symbol:  U7 / SIM_CARD_SIMCARD_SIM_CARD / SIMCARD at (-992.898 1527.174)
         Placed symbol:  U8 / SMF05C_SMF05C_SMF05C / SMF05C at (-558.937 1181.355)
         Placed symbol:  U4 / MAX8515_MAX8515AEXK-T_MAX8515 / MAX8515AEXK-T at (-419.047 1183.324)
         Placed symbol:  J2 / USB_MINI_MICROUSB_USB_MINI / MICROUSB at (-166.559 1338.442)
         Placed symbol:  Y2 / CRYSTAL_4PIN_US_FA-118T_32MHZ / FA-118T at (58.961 1175.450)
         Placed symbol:  BAT1 / BAT-LIPO_BAT_3.7V-LIPO / BAT at (165.780 1191.198)
         Placed symbol:  SW1 / SWITCH_1_SW_BQ24072_NCE / SW at (496.614 1191.198)
         Placed symbol:  SW2 / SWITCH_1_SW_BQ24072_TD / SW at (827.448 1191.198)
         Placed symbol:  SW3 / SWITCH_SW_ON/OFF / SW at (1158.282 1191.198)
         Placed symbol:  Q2 / NPN_S9013-SOT-23_S9013-SOT-23 / S9013-SOT-23 at (1504.471 1199.072)
         Placed symbol:  Q1 / NPN_S9013-SOT-23_S9013-SOT-23 / S9013-SOT-23 at (1666.015 1199.072)
         Placed symbol:  C30 / CAP-NP_C0402_0.1UF / C0402 at (1787.401 1148.678)
         Placed symbol:  C18 / CAP-POL_C0402_10UF/6.3V / C0402 at (1868.629 1148.678)
         Placed symbol:  C19 / CAP-POL_C0402_10UF/6.3V / C0402 at (2481.749 426.252)
         Placed symbol:  C21 / CAP-POL_C0402_10UF/6.3V / C0402 at (2481.749 381.244)
         Placed symbol:  C22 / CAP-POL_C0402_10UF/6.3V / C0402 at (2481.749 336.236)
         Placed symbol:  C25 / CAP-NP_C0402_0.1UF / C0402 at (2481.749 291.228)
         Placed symbol:  C27 / CAP-NP_C0402_?NF / C0402 at (2481.749 246.220)
         Placed symbol:  C26 / CAP-NP_C0402_?NF / C0402 at (2481.749 201.212)
         Placed symbol:  C31 / CAP-NP_C0402_22PF / C0402 at (2481.749 156.204)
         Placed symbol:  C4 / CAP-NP_C0402_1.2PF / C0402 at (2481.749 111.196)
         Placed symbol:  C5 / CAP-NP_C0402_12PF / C0402 at (2481.749 66.188)
         Placed symbol:  C6 / CAP-NP_C0402_12PF / C0402 at (2481.749 21.180)
         Placed symbol:  C7 / CAP-NP_C0402_1NF / C0402 at (2481.749 -23.828)
         Placed symbol:  D2 / D_ZENER_PESD5V0S1BL_NM / PESD5V0S1BL at (2471.513 -68.836)
         Placed symbol:  C28 / CAP-POL_C0402_100UF/6.3V / C0402 at (2481.749 -113.844)
         Placed symbol:  C8 / CAP-NP_C0402_100NF / C0402 at (2481.749 -158.852)
         Placed symbol:  D1 / D_ZENER_PESD5V0S1BL_NM / PESD5V0S1BL at (2471.513 -203.860)
         Placed symbol:  C15 / CAP-NP_C0402_100NF / C0402 at (2481.749 -248.868)
         Placed symbol:  C11 / CAP-NP_C0402_100NF / C0402 at (2481.749 -293.876)
         Placed symbol:  C3 / CAP-NP_C0402_1UF / C0402 at (2481.749 -338.884)
         Placed symbol:  L1 / L_L0402_? NH / L0402 at (2481.355 -383.892)
         Placed symbol:  L2 / L_L0402_4.7UH / L0402 at (-1274.678 1901.678)
         Placed symbol:  L3 / L_L0402_4.7UH / L0402 at (-1194.238 1901.678)
         Placed symbol:  LED1 / LED_LED0402_RED / LED0402 at (-1113.798 1901.678)
         Placed symbol:  LED4 / LED_LED0402_RED / LED0402 at (-1033.358 1901.678)
         Placed symbol:  LED2 / LED_LED0402_GRE / LED0402 at (-952.918 1901.678)
         Placed symbol:  LED6 / LED_LED0402_GRE / LED0402 at (-872.478 1901.678)
         Placed symbol:  LED3 / LED_LED0402_BLU / LED0402 at (-792.038 1901.678)
         Placed symbol:  LED5 / LED_LED0402_YEL / LED0402 at (-711.598 1901.678)
         Placed symbol:  C24 / CAP-NP_C0402_0.1UF / C0402 at (-630.764 1901.678)
         Placed symbol:  C20 / CAP-NP_C0402_0.1UF / C0402 at (-549.536 1901.678)
         Placed symbol:  C10 / CAP-NP_C0402_100NF / C0402 at (-468.308 1901.678)
         Placed symbol:  C2 / CAP-NP_C0402_15PF / C0402 at (-387.080 1901.678)
         Placed symbol:  R3 / R_R0402_330R / R0402 at (-305.852 1901.678)
         Placed symbol:  R10 / R_R0402_10K / R0402 at (-224.624 1901.678)
         Placed symbol:  C23 / CAP-NP_C0402_0.1UF / C0402 at (-143.396 1901.678)
         Placed symbol:  C16 / CAP-POL_C0402_10UF/16V / C0402 at (-62.168 1901.678)
         Placed symbol:  R15 / R_R0402_10K / R0402 at (19.060 1901.678)
         Placed symbol:  C29 / CAP-NP_C0402_1UF / C0402 at (100.288 1901.678)
         Placed symbol:  R21 / R_R0402_10K / R0402 at (181.516 1901.678)
         Placed symbol:  R37 / R_R0402_10K / R0402 at (262.744 1901.678)
         Placed symbol:  R44 / R_R0402_10K / R0402 at (343.972 1901.678)
         Placed symbol:  R8 / R_R0402_10K / R0402 at (425.200 1901.678)
         Placed symbol:  R13 / R_R0402_20K / R0402 at (506.428 1901.678)
         Placed symbol:  R14 / R_R0402_1K / R0402 at (587.656 1901.678)
         Placed symbol:  R16 / R_R0402_1K / R0402 at (668.884 1901.678)
         Placed symbol:  R22 / R_R0402_1K / R0402 at (750.112 1901.678)
         Placed symbol:  R35 / R_R0402_1K / R0402 at (831.340 1901.678)
         Placed symbol:  R36 / R_R0402_1K / R0402 at (912.568 1901.678)
         Placed symbol:  R43 / R_R0402_1K / R0402 at (993.796 1901.678)
         Placed symbol:  R18 / R_R0402_46.4K-1% / R0402 at (1075.024 1901.678)
         Placed symbol:  R19 / R_R0402_1.18K-1% / R0402 at (1156.252 1901.678)
         Placed symbol:  R20 / R_R0402_1.13K-1% / R0402 at (1237.480 1901.678)
         Placed symbol:  R23 / R_R0402_?R / R0402 at (1318.708 1901.678)
         Placed symbol:  R34 / R_R0402_?R / R0402 at (1399.936 1901.678)
         Placed symbol:  R24 / R_R0402_124K-1% / R0402 at (1481.164 1901.678)
         Placed symbol:  R25 / R_R0402_4.99K-1% / R0402 at (1562.392 1901.678)
         Placed symbol:  R26 / R_R0402_27K-1% / R0402 at (1643.620 1901.678)
         Placed symbol:  R27 / R_R0402_1K-1% / R0402 at (1724.848 1901.678)
         Placed symbol:  R28 / R_R0402_4.7K / R0402 at (1806.076 1901.678)
         Placed symbol:  R29 / R_R0402_4.7K / R0402 at (2562.977 426.252)
         Placed symbol:  R30 / R_R0402_4.7K / R0402 at (2562.977 381.244)
         Placed symbol:  R5 / R_R0402_4.7K / R0402 at (2562.977 336.236)
         Placed symbol:  R6 / R_R0402_4.7K / R0402 at (2562.977 291.228)
         Placed symbol:  R31 / R_R0402_0R / R0402 at (2562.977 246.220)
         Placed symbol:  R32 / R_R0402_22R / R0402 at (2562.977 201.212)
         Placed symbol:  R33 / R_R0402_22R / R0402 at (2562.977 156.204)
         Placed symbol:  R38 / R_R0402_22R / R0402 at (2562.977 111.196)
         Placed symbol:  R39 / R_R0402_22R / R0402 at (2562.977 66.188)
         Placed symbol:  R40 / R_R0402_22R / R0402 at (2562.977 21.180)
         Placed symbol:  R41 / R_R0402_22R / R0402 at (2562.977 -23.828)
         Placed symbol:  R42 / R_R0402_22R / R0402 at (2562.977 -68.836)
         Placed symbol:  R4 / R_R0402_56K-1% / R0402 at (2562.977 -113.844)
         Placed symbol:  R7 / R_R0402_2K7 / R0402 at (2562.977 -158.852)
         Placed symbol:  R9 / R_R0402_2K7 / R0402 at (2562.977 -203.860)
         Placed symbol:  C14 / CAP-NP_C0402_1UF / C0402 at (2562.977 -248.868)
         Placed symbol:  C17 / CAP-NP_C0402_0.1UF / C0402 at (2562.977 -293.876)
         Placed symbol:  R17 / R_R0402_10K / R0402 at (2562.977 -338.884)
         Placed symbol:  C13 / CAP-NP_C0402_2.2UF / C0402 at (2562.977 -383.892)
         Placed symbol:  C12 / CAP-NP_C0402_200PF / C0402 at (-1274.284 1946.686)
         Placed symbol:  C1 / CAP-NP_C0402_15PF / C0402 at (-1193.056 1946.686)
         Placed symbol:  R11 / R_R0402_10K / R0402 at (-1111.828 1946.686)
         Placed symbol:  C9 / CAP-NP_C0402_100NF / C0402 at (-1030.600 1946.686)
         Placed symbol:  R1 / R_R0402_330R / R0402 at (-949.372 1946.686)
         Placed symbol:  R2 / R_R0402_330R / R0402 at (-868.144 1946.686)
         Placed symbol:  R12 / R_R0402_10K / R0402 at (-786.916 1946.686)
         Placed symbol:  A1 / AN_SMD_1_ANSMD3216_AN_SMD / ANSMD3216 at (-645.845 1969.521)
         Placed symbol:  Y1 / CRYSTAL_2PIN_Y_FC_12M_32.768KHZ / Y_FC_12M at (-484.301 1969.521)
         Placed symbol:  TP7 / TP_TP_TP / TP at (-344.214 2003.182)
         Placed symbol:  TP6 / TP_TP_TP / TP at (-186.214 2003.182)
         Placed symbol:  TP5 / TP_TP_TP / TP at (-28.214 2003.182)
         Placed symbol:  TP4 / TP_TP_TP / TP at (129.786 2003.182)
         Placed symbol:  TP2 / TP_TP_TP / TP at (287.786 2003.182)
         Placed symbol:  TP3 / TP_TP_TP / TP at (445.786 2003.182)
         Placed symbol:  TP1 / TP_TP_TP / TP at (603.786 2003.182)


Placed 117 of 117 applicable (117 total) symbols.

-----------------------------------------------------------------------

