(---------------------------------------------------------------------)
(                                                                     )
(    Auto Silkscreen Log File                                         )
(                                                                     )
(    Drawing          : MainBoard.brd                                 )
(    Software Version : 16.3p006                                      )
(    Date/Time        : Wed Mar 26 23:08:55 2014                      )
(                                                                     )
(---------------------------------------------------------------------)


Generating Auto Silkscreen for both sides of the board.

Copying all elements.

Element to Pad clearance is 0.00
Max Text displacement is 100.00
Min Line Length is 0.00
Allowing 0, 90, 180 and 270 degree text rotations.
Text Allowed Under Components.
Subclass Selections:
 Board Geometry       : None
 Component Value      : None
 Device Type          : None
 Package Geometry     : Silkscreen
 Reference Designator : Silkscreen
 Tolerance            : None
 User Part Number     : None


     ----- Top Silkscreen -----

Text string 'J6' is not at a suitable location
(location: -105.65, -578.52)
Text string 'C18' is not at a suitable location
(location: -427.00, -25.47)
Text string 'U1' is not at a suitable location
(location: -46.00, 24.00)
Text string 'U3' is not at a suitable location
(location: -132.00, 354.53)
Text string 'U2' is not at a suitable location
(location: -90.00, -266.00)
Text string 'C8' is not at a suitable location
(location: -284.00, -229.47)
Text string 'C4_GRM1555C1H1R2CZ01D1' is not at a suitable location
(location: 273.47, 140.00)
Text string 'C20' is not at a suitable location
(location: 18.00, -511.47)
Text string 'C10' is not at a suitable location
(location: -284.00, -151.47)
Text string 'C21' is not at a suitable location
(location: 1.00, -304.47)
Text string 'C14' is not at a suitable location
(location: -363.00, -151.47)
Text string 'L3' is not at a suitable location
(location: -197.00, -284.53)
Text string 'L2' is not at a suitable location
(location: -140.00, -357.53)
Text string 'R10' is not at a suitable location
(location: 1.00, -325.53)
Text string 'R6' is not at a suitable location
(location: 3.53, -184.00)
Text string 'R7' is not at a suitable location
(location: -37.47, -184.00)
Text string 'R11' is not at a suitable location
(location: 38.00, -285.53)
Text string 'R3' is not at a suitable location
(location: -289.00, 96.47)
Text string 'R4' is not at a suitable location
(location: -289.00, 57.47)
Text string 'R5' is not at a suitable location
(location: 141.47, 190.00)
Text string 'R8' is not at a suitable location
(location: 62.00, -143.47)
Text string 'R9' is not at a suitable location
(location: 81.00, -309.47)
Text string 'A1' is not at a suitable location
(location: 528.57, -285.77)
Text string 'TP1' is not at a suitable location
(location: 87.00, -542.47)
Text string 'Q1' is not at a suitable location
(location: 79.00, -269.47)

     ----- Bottom Silkscreen -----

Text string 'J4' is not at a suitable location
(location: 415.00, 328.53)

Total Failures: 26

Log End

