(---------------------------------------------------------------------)
(                                                                     )
(    NC DRILL Log                                                     )
(                                                                     )
(    Drawing          : #Taaaaaa04120.tmp                             )
(    Software Version : 16.3p003                                      )
(    Date/Time        : Wed Mar 26 23:35:13 2014                      )
(                                                                     )
(---------------------------------------------------------------------)



 Processing NC Parameters file ...

 NC PARAMETERS
 -------------

 FORMAT   		2.3
 MACHINE-OFFSET		x:0.000000	y:0.000000
 FEEDRATE		1
 COORDINATES		ABSOLUTE
 OUTPUT-UNITS		ENGLISH
 TOOL-ORDER		INCREASING
 REPEAT-CODES		YES
 SUPPRESS-LEAD-ZEROES	NO
 SUPPRESS-TRAIL-ZEROES	NO
 SUPPRESS-EQUAL		NO
 TOOL-SELECT		NO
 HEADER			none
 LEADER			12
 CODE			ASCII
 SEPARATE		NO
 OPTIMIZE_DRILLING	NO
 ENHANCED_EXCELLON	NO
 SCALE			1.000000

 WARNING: Design precision is greater than that of the drill output file data.
          Data rounding errors are very possible.


 Drill files being output to directory 'C:/Users/Liber/Desktop/SmartRing-V1.03/version2' ...



     'MainBoard-1-6.drl' created for holes connecting TOP and BOTTOM
     ---------------------------------------------------------------

           Num     Size      +/- Tolerance     Plating   Quantity

            1.  12.0000    0.0000/  0.0000      PLATED         62
            2.  13.0000    0.0000/  0.0000      PLATED          2
            3.  23.6200    0.0000/  0.0000      PLATED          2
            4.  39.3700    0.0000/  0.0000      PLATED         13

     ---- Total holes:                                         79

     ---- Total head travel:              2.00 feet (0.61 meters)

