(---------------------------------------------------------------------)
(                                                                     )
(    ARTWORK LOG                                                      )
(                                                                     )
(    Drawing          : MainBoard.brd                                 )
(    Software Version : 16.3p003                                      )
(    Date/Time        : Thu Mar 27 00:00:23 2014                      )
(                                                                     )
(---------------------------------------------------------------------)


 ---- Photoplot outline rectangle not found ... using drawing extents



Results from parameter file ...
    DEVICE-TYPE           GERBER_RS274X
    OUTPUT-UNITS          INCHES
    FILM-SIZE             2400000 1600000
    FORMAT                3.5
    ABORT-ON-ERROR        NO
    SCALE                 1
    SUPPRESS-LEAD-ZEROES  YES
    SUPPRESS-TRAIL-ZEROES NO
    SUPPRESS-EQUAL        YES
    UNDEF-APT-CONT        NO


================================================================
     PROCESSING FILM < TOP >
     TO FILE < C:/Users/Liber/Desktop/SmartRing-V1.03/version2/TOP.art > ...
================================================================

  FILM PARAMETERS :
  ---------------------------------------------------------
  Undefined line width                6.00
  Mirror code                         NONE
  Rotate angle                        NONE
  Offset x:                           0.00
  Offset y:                           0.00
  Plot negative                       NO
  Suppress unconnected internal pads  NO



  APERTURES USED:
  ---------------------------------------------------------
  TYPE       SIZE/NAME                   ROT   MIRROR MODE 
  ---------------------------------------------------------
  CIRCLE     0.00600                                  DARK 
  CIRCLE     0.02400                                  DARK 
  CIRCLE     0.04134                                  DARK 
  CIRCLE     0.04331                                  DARK 
  SQUARE     0.04134                     0.000 NO     DARK 
  SQUARE     0.04134                    75.000 NO     DARK 
  SQUARE     0.17717                     0.000 NO     DARK 
  RECTANGLE  0.01102     x 0.03346       0.000 NO     DARK 
  RECTANGLE  0.01102     x 0.03346      90.000 NO     DARK 
  RECTANGLE  0.01732     x 0.00630       0.000 NO     DARK 
  RECTANGLE  0.02047     x 0.01181      90.000 NO     DARK 
  RECTANGLE  0.02165     x 0.01181      90.000 NO     DARK 
  RECTANGLE  0.02520     x 0.02244       0.000 NO     DARK 
  RECTANGLE  0.02520     x 0.02244      90.000 NO     DARK 
  RECTANGLE  0.02520     x 0.02441       0.000 NO     DARK 
  RECTANGLE  0.02520     x 0.02441      90.000 NO     DARK 
  RECTANGLE  0.02559     x 0.00984      90.000 NO     DARK 
  RECTANGLE  0.03150     x 0.01181       0.000 NO     DARK 
  RECTANGLE  0.03150     x 0.01181      90.000 NO     DARK 
  RECTANGLE  0.03346     x 0.01378       0.000 NO     DARK 
  RECTANGLE  0.03543     x 0.02362      90.000 NO     DARK 
  RECTANGLE  0.06102     x 0.03346      90.000 NO     DARK 
  RECTANGLE  0.06102     x 0.05118     150.000 NO     DARK 
  RECTANGLE  0.06299     x 0.04921       0.000 NO     DARK 
  RECTANGLE  0.06890     x 0.04528       0.000 NO     DARK 
  PAD SHAPE  CMPLXRR0-4X0-8A0            0.000 NO     DARK 
  PAD SHAPE  COMPLEX1-4X2-3A3            0.000 NO     DARK 
  PAD SHAPE  COMPLEX2-3X3A6-9            0.000 NO     DARK 
  PAD SHAPE  CMPLXRR0-4X0-8A0          180.000 NO     DARK 

     TOP created.


================================================================
     PROCESSING FILM < GND >
     TO FILE < C:/Users/Liber/Desktop/SmartRing-V1.03/version2/GND.art > ...
================================================================

  FILM PARAMETERS :
  ---------------------------------------------------------
  Undefined line width                6.00
  Mirror code                         NONE
  Rotate angle                        NONE
  Offset x:                           0.00
  Offset y:                           0.00
  Plot negative                       NO
  Suppress unconnected internal pads  NO



  APERTURES USED:
  ---------------------------------------------------------
  TYPE       SIZE/NAME                   ROT   MIRROR MODE 
  ---------------------------------------------------------
  CIRCLE     0.00600                                  DARK 
  CIRCLE     0.02400                                  DARK 
  CIRCLE     0.04331                                  DARK 
  CIRCLE     0.04528                                  DARK 
  SQUARE     0.04528                     0.000 NO     DARK 
  SQUARE     0.04528                    75.000 NO     DARK 

     GND created.


================================================================
     PROCESSING FILM < SIGNAL1 >
     TO FILE < C:/Users/Liber/Desktop/SmartRing-V1.03/version2/SIGNAL1.art > ...
================================================================

  FILM PARAMETERS :
  ---------------------------------------------------------
  Undefined line width                6.00
  Mirror code                         NONE
  Rotate angle                        NONE
  Offset x:                           0.00
  Offset y:                           0.00
  Plot negative                       NO
  Suppress unconnected internal pads  NO



  APERTURES USED:
  ---------------------------------------------------------
  TYPE       SIZE/NAME                   ROT   MIRROR MODE 
  ---------------------------------------------------------
  CIRCLE     0.00600                                  DARK 
  CIRCLE     0.02400                                  DARK 
  CIRCLE     0.04331                                  DARK 
  CIRCLE     0.04528                                  DARK 
  SQUARE     0.04528                     0.000 NO     DARK 
  SQUARE     0.04528                    75.000 NO     DARK 

     SIGNAL1 created.


================================================================
     PROCESSING FILM < SIGNAL2 >
     TO FILE < C:/Users/Liber/Desktop/SmartRing-V1.03/version2/SIGNAL2.art > ...
================================================================

  FILM PARAMETERS :
  ---------------------------------------------------------
  Undefined line width                6.00
  Mirror code                         NONE
  Rotate angle                        NONE
  Offset x:                           0.00
  Offset y:                           0.00
  Plot negative                       NO
  Suppress unconnected internal pads  NO



  APERTURES USED:
  ---------------------------------------------------------
  TYPE       SIZE/NAME                   ROT   MIRROR MODE 
  ---------------------------------------------------------
  CIRCLE     0.00600                                  DARK 
  CIRCLE     0.02400                                  DARK 
  CIRCLE     0.04331                                  DARK 
  CIRCLE     0.04528                                  DARK 
  SQUARE     0.04528                     0.000 NO     DARK 
  SQUARE     0.04528                    75.000 NO     DARK 

     SIGNAL2 created.


================================================================
     PROCESSING FILM < POWER >
     TO FILE < C:/Users/Liber/Desktop/SmartRing-V1.03/version2/POWER.art > ...
================================================================

  FILM PARAMETERS :
  ---------------------------------------------------------
  Undefined line width                6.00
  Mirror code                         NONE
  Rotate angle                        NONE
  Offset x:                           0.00
  Offset y:                           0.00
  Plot negative                       NO
  Suppress unconnected internal pads  NO



  APERTURES USED:
  ---------------------------------------------------------
  TYPE       SIZE/NAME                   ROT   MIRROR MODE 
  ---------------------------------------------------------
  CIRCLE     0.00600                                  DARK 
  CIRCLE     0.02400                                  DARK 
  CIRCLE     0.04331                                  DARK 
  CIRCLE     0.04528                                  DARK 
  SQUARE     0.04528                     0.000 NO     DARK 
  SQUARE     0.04528                    75.000 NO     DARK 

     POWER created.


================================================================
     PROCESSING FILM < BOTTOM >
     TO FILE < C:/Users/Liber/Desktop/SmartRing-V1.03/version2/BOTTOM.art > ...
================================================================

  FILM PARAMETERS :
  ---------------------------------------------------------
  Undefined line width                6.00
  Mirror code                         NONE
  Rotate angle                        NONE
  Offset x:                           0.00
  Offset y:                           0.00
  Plot negative                       NO
  Suppress unconnected internal pads  NO



  APERTURES USED:
  ---------------------------------------------------------
  TYPE       SIZE/NAME                   ROT   MIRROR MODE 
  ---------------------------------------------------------
  CIRCLE     0.00600                                  DARK 
  CIRCLE     0.02400                                  DARK 
  CIRCLE     0.04134                                  DARK 
  CIRCLE     0.04331                                  DARK 
  CIRCLE     0.11811                                  DARK 
  SQUARE     0.04134                     0.000 NO     DARK 
  SQUARE     0.04134                    75.000 NO     DARK 
  RECTANGLE  0.04921     x 0.01181       0.000 NO     DARK 
  RECTANGLE  0.04921     x 0.01181     125.000 NO     DARK 
  RECTANGLE  0.07874     x 0.09843       0.000 NO     DARK 
  RECTANGLE  0.11024     x 0.07283       0.000 NO     DARK 
  RECTANGLE  0.11024     x 0.07283     125.000 NO     DARK 

     BOTTOM created.


================================================================
     PROCESSING FILM < SOLDERMASK_BOTTOM >
     TO FILE < C:/Users/Liber/Desktop/SmartRing-V1.03/version2/SOLDERMASK_BOTTOM.art > ...
================================================================

  FILM PARAMETERS :
  ---------------------------------------------------------
  Undefined line width                6.00
  Mirror code                         NONE
  Rotate angle                        NONE
  Offset x:                           0.00
  Offset y:                           0.00
  Plot negative                       NO
  Suppress unconnected internal pads  NO



  APERTURES USED:
  ---------------------------------------------------------
  TYPE       SIZE/NAME                   ROT   MIRROR MODE 
  ---------------------------------------------------------
  CIRCLE     0.04528                                  DARK 
  CIRCLE     0.05118                                  DARK 
  CIRCLE     0.12205                                  DARK 
  SQUARE     0.04528                     0.000 NO     DARK 
  SQUARE     0.04528                    75.000 NO     DARK 
  RECTANGLE  0.05709     x 0.01969       0.000 NO     DARK 
  RECTANGLE  0.05709     x 0.01969     125.000 NO     DARK 
  RECTANGLE  0.08268     x 0.10236       0.000 NO     DARK 
  RECTANGLE  0.11811     x 0.08071       0.000 NO     DARK 
  RECTANGLE  0.11811     x 0.08071     125.000 NO     DARK 

     SOLDERMASK_BOTTOM created.


================================================================
     PROCESSING FILM < SOLDERMASK_TOP >
     TO FILE < C:/Users/Liber/Desktop/SmartRing-V1.03/version2/SOLDERMASK_TOP.art > ...
================================================================

  FILM PARAMETERS :
  ---------------------------------------------------------
  Undefined line width                6.00
  Mirror code                         NONE
  Rotate angle                        NONE
  Offset x:                           0.00
  Offset y:                           0.00
  Plot negative                       NO
  Suppress unconnected internal pads  NO



  APERTURES USED:
  ---------------------------------------------------------
  TYPE       SIZE/NAME                   ROT   MIRROR MODE 
  ---------------------------------------------------------
  CIRCLE     0.04528                                  DARK 
  CIRCLE     0.05118                                  DARK 
  SQUARE     0.00100                     0.000 NO     DARK 
  SQUARE     0.04528                     0.000 NO     DARK 
  SQUARE     0.04528                    75.000 NO     DARK 
  RECTANGLE  0.01102     x 0.03346       0.000 NO     DARK 
  RECTANGLE  0.01102     x 0.03346      90.000 NO     DARK 
  RECTANGLE  0.01732     x 0.00709       0.000 NO     DARK 
  RECTANGLE  0.02047     x 0.01181      90.000 NO     DARK 
  RECTANGLE  0.02165     x 0.01181      90.000 NO     DARK 
  RECTANGLE  0.03307     x 0.03031       0.000 NO     DARK 
  RECTANGLE  0.03307     x 0.03031      90.000 NO     DARK 
  RECTANGLE  0.03307     x 0.03228       0.000 NO     DARK 
  RECTANGLE  0.03307     x 0.03228      90.000 NO     DARK 
  RECTANGLE  0.03346     x 0.01969      90.000 NO     DARK 
  RECTANGLE  0.03937     x 0.01969       0.000 NO     DARK 
  RECTANGLE  0.03937     x 0.01969      90.000 NO     DARK 
  RECTANGLE  0.04134     x 0.02165       0.000 NO     DARK 
  RECTANGLE  0.04331     x 0.03150      90.000 NO     DARK 
  RECTANGLE  0.06890     x 0.04134      90.000 NO     DARK 
  RECTANGLE  0.06890     x 0.05906     150.000 NO     DARK 
  RECTANGLE  0.07087     x 0.05709       0.000 NO     DARK 
  RECTANGLE  0.07677     x 0.05315       0.000 NO     DARK 
  PAD SHAPE  CMPLXRR0-6X1A0-68           0.000 NO     DARK 
  PAD SHAPE  COMPLEX2-3X3A6-9            0.000 NO     DARK 
  PAD SHAPE  COMPLEX1-4X2-3A3            0.000 NO     DARK 
  PAD SHAPE  CMPLXRR0-6X1A0-68         180.000 NO     DARK 

     SOLDERMASK_TOP created.


================================================================
     PROCESSING FILM < PASTEMASK_BOTTOM >
     TO FILE < C:/Users/Liber/Desktop/SmartRing-V1.03/version2/PASTEMASK_BOTTOM.art > ...
================================================================

  FILM PARAMETERS :
  ---------------------------------------------------------
  Undefined line width                6.00
  Mirror code                         NONE
  Rotate angle                        NONE
  Offset x:                           0.00
  Offset y:                           0.00
  Plot negative                       NO
  Suppress unconnected internal pads  NO



  APERTURES USED:
  ---------------------------------------------------------
  TYPE       SIZE/NAME                   ROT   MIRROR MODE 
  ---------------------------------------------------------
  CIRCLE     0.02400                                  DARK 
  CIRCLE     0.11811                                  DARK 
  RECTANGLE  0.04921     x 0.01181       0.000 NO     DARK 
  RECTANGLE  0.04921     x 0.01181     125.000 NO     DARK 
  RECTANGLE  0.07874     x 0.09843       0.000 NO     DARK 
  RECTANGLE  0.11024     x 0.07283       0.000 NO     DARK 
  RECTANGLE  0.11024     x 0.07283     125.000 NO     DARK 

     PASTEMASK_BOTTOM created.


================================================================
     PROCESSING FILM < PASTEMASK_TOP >
     TO FILE < C:/Users/Liber/Desktop/SmartRing-V1.03/version2/PASTEMASK_TOP.art > ...
================================================================

  FILM PARAMETERS :
  ---------------------------------------------------------
  Undefined line width                6.00
  Mirror code                         NONE
  Rotate angle                        NONE
  Offset x:                           0.00
  Offset y:                           0.00
  Plot negative                       NO
  Suppress unconnected internal pads  NO



  APERTURES USED:
  ---------------------------------------------------------
  TYPE       SIZE/NAME                   ROT   MIRROR MODE 
  ---------------------------------------------------------
  CIRCLE     0.00100                                  DARK 
  CIRCLE     0.02400                                  DARK 
  SQUARE     0.00100                     0.000 NO     DARK 
  RECTANGLE  0.01732     x 0.00630       0.000 NO     DARK 
  RECTANGLE  0.02520     x 0.02244       0.000 NO     DARK 
  RECTANGLE  0.02520     x 0.02244      90.000 NO     DARK 
  RECTANGLE  0.02520     x 0.02441       0.000 NO     DARK 
  RECTANGLE  0.02520     x 0.02441      90.000 NO     DARK 
  RECTANGLE  0.02559     x 0.00984      90.000 NO     DARK 
  RECTANGLE  0.03150     x 0.01181       0.000 NO     DARK 
  RECTANGLE  0.03150     x 0.01181      90.000 NO     DARK 
  RECTANGLE  0.03346     x 0.01378       0.000 NO     DARK 
  RECTANGLE  0.03543     x 0.02362      90.000 NO     DARK 
  RECTANGLE  0.06102     x 0.03346      90.000 NO     DARK 
  RECTANGLE  0.06102     x 0.05118     150.000 NO     DARK 
  RECTANGLE  0.06299     x 0.04921       0.000 NO     DARK 
  RECTANGLE  0.06890     x 0.04528       0.000 NO     DARK 
  PAD SHAPE  COMPLEX1-3X2A2-76           0.000 NO     DARK 
  PAD SHAPE  CMPLXRR0-4X0-8A0            0.000 NO     DARK 
  PAD SHAPE  COMPLEX0-8X1-7A1            0.000 NO     DARK 
  PAD SHAPE  CMPLXRR0-4X0-8A0          180.000 NO     DARK 

     PASTEMASK_TOP created.


================================================================
     PROCESSING FILM < SILKSCREEN_BOTTOM >
     TO FILE < C:/Users/Liber/Desktop/SmartRing-V1.03/version2/SILKSCREEN_BOTTOM.art > ...
================================================================

  FILM PARAMETERS :
  ---------------------------------------------------------
  Undefined line width                6.00
  Mirror code                         NONE
  Rotate angle                        NONE
  Offset x:                           0.00
  Offset y:                           0.00
  Plot negative                       NO
  Suppress unconnected internal pads  NO

    WARNING: text composed 0 width line found at (-369.00 -409.00)
           ... using undefined line width of 6.00

    WARNING: text having Multiple 0 width lines; all will be treated the same as the first.
           ... using undefined line width of 6.00



  APERTURES USED:
  ---------------------------------------------------------
  TYPE       SIZE/NAME                   ROT   MIRROR MODE 
  ---------------------------------------------------------
  CIRCLE     0.00600                                  DARK 

     SILKSCREEN_BOTTOM created with warnings


================================================================
     PROCESSING FILM < SILKSCREEN_TOP >
     TO FILE < C:/Users/Liber/Desktop/SmartRing-V1.03/version2/SILKSCREEN_TOP.art > ...
================================================================

  FILM PARAMETERS :
  ---------------------------------------------------------
  Undefined line width                6.00
  Mirror code                         NONE
  Rotate angle                        NONE
  Offset x:                           0.00
  Offset y:                           0.00
  Plot negative                       NO
  Suppress unconnected internal pads  NO



  APERTURES USED:
  ---------------------------------------------------------
  TYPE       SIZE/NAME                   ROT   MIRROR MODE 
  ---------------------------------------------------------
  CIRCLE     0.00600                                  DARK 

     SILKSCREEN_TOP created.


================================================================
     PROCESSING FILM < DRILL >
     TO FILE < C:/Users/Liber/Desktop/SmartRing-V1.03/version2/DRILL.art > ...
================================================================

  FILM PARAMETERS :
  ---------------------------------------------------------
  Undefined line width                6.00
  Mirror code                         NONE
  Rotate angle                        NONE
  Offset x:                           0.00
  Offset y:                           0.00
  Plot negative                       NO
  Suppress unconnected internal pads  NO

    WARNING: 0 width line found at (-2290.00 -2354.00)
           ... using undefined line width of 6.00

    WARNING: Multiple 0 width lines; all will be treated the same as the first.
           ... using undefined line width of 6.00



  APERTURES USED:
  ---------------------------------------------------------
  TYPE       SIZE/NAME                   ROT   MIRROR MODE 
  ---------------------------------------------------------
  CIRCLE     0.00600                                  DARK 

     DRILL created with warnings


================================================================
     PROCESSING FILM < OUTLINE >
     TO FILE < C:/Users/Liber/Desktop/SmartRing-V1.03/version2/OUTLINE.art > ...
================================================================

  FILM PARAMETERS :
  ---------------------------------------------------------
  Undefined line width                6.00
  Mirror code                         NONE
  Rotate angle                        NONE
  Offset x:                           0.00
  Offset y:                           0.00
  Plot negative                       NO
  Suppress unconnected internal pads  NO



  APERTURES USED:
  ---------------------------------------------------------
  TYPE       SIZE/NAME                   ROT   MIRROR MODE 
  ---------------------------------------------------------
  CIRCLE     0.00600                                  DARK 

     OUTLINE created.


------------------------------------------------------
 SUMMARY:
        TOP created.
        GND created.
        SIGNAL1 created.
        SIGNAL2 created.
        POWER created.
        BOTTOM created.
        SOLDERMASK_BOTTOM created.
        SOLDERMASK_TOP created.
        PASTEMASK_BOTTOM created.
        PASTEMASK_TOP created.
        SILKSCREEN_BOTTOM created with warnings
        SILKSCREEN_TOP created.
        DRILL created with warnings
        OUTLINE created.

 ARTWORK finished
