(---------------------------------------------------------------------)
(                                                                     )
(    Netrev Allegro Import Logic                                      )
(                                                                     )
(    Drawing          : GPRS.brd                                      )
(    Software Version : 16.3p004                                      )
(    Date/Time        : Tue Apr 01 13:36:28 2014                      )
(                                                                     )
(---------------------------------------------------------------------)


------ Directives ------

RIPUP_ETCH FALSE;
RIPUP_SYMBOLS ALWAYS;
Missing symbol has error FALSE;
SCHEMATIC_DIRECTORY 'C:/Users/Liber/Desktop/SmartRing-V1.03/GPRS/allegro';
BOARD_DIRECTORY '';
OLD_BOARD_NAME 'C:/Users/Liber/Desktop/SmartRing-V1.03/GPRS/GPRS.brd';
NEW_BOARD_NAME 'C:/Users/Liber/Desktop/SmartRing-V1.03/GPRS/GPRS.brd';

CmdLine: netrev -$ -i C:/Users/Liber/Desktop/SmartRing-V1.03/GPRS/allegro -y 1 C:/Users/Liber/Desktop/SmartRing-V1.03/GPRS/#Taaaaaa05152.tmp

------ Preparing to read pst files ------

Starting to read C:/Users/Liber/Desktop/SmartRing-V1.03/GPRS/allegro/pstchip.dat 
   Finished reading C:/Users/Liber/Desktop/SmartRing-V1.03/GPRS/allegro/pstchip.dat (00:00:00.06)
Starting to read C:/Users/Liber/Desktop/SmartRing-V1.03/GPRS/allegro/pstxprt.dat 
   Finished reading C:/Users/Liber/Desktop/SmartRing-V1.03/GPRS/allegro/pstxprt.dat (00:00:00.00)
Starting to read C:/Users/Liber/Desktop/SmartRing-V1.03/GPRS/allegro/pstxnet.dat 
   Finished reading C:/Users/Liber/Desktop/SmartRing-V1.03/GPRS/allegro/pstxnet.dat (00:00:00.00)

------ Oversights/Warnings/Errors ------


------ Library Paths ------
MODULEPATH =  . 
           C:/Cadence/SPB_16.3/share/local/pcb/modules 
           C:\Users\Liber\Desktop\leds\lib\ 

PSMPATH =  . 
           symbols 
           .. 
           ../symbols 
           C:/Cadence/SPB_16.3/share/local/pcb/symbols 
           C:/Cadence/SPB_16.3/share/pcb/pcb_lib/symbols 
           C:/Cadence/SPB_16.3/share/pcb/allegrolib/symbols 
           C:\Users\Liber\Desktop\leds\lib\ 
           C:\USERS\LIBER\DESKTOP\NEWLIB\lib\ 

PADPATH =  . 
           symbols 
           .. 
           ../symbols 
           C:/Cadence/SPB_16.3/share/local/pcb/padstacks 
           C:/Cadence/SPB_16.3/share/pcb/pcb_lib/symbols 
           C:/Cadence/SPB_16.3/share/pcb/allegrolib/symbols 
           C:\Users\Liber\Desktop\leds\lib\ 
           C:\USERS\LIBER\DESKTOP\NEWLIB\LIB\ 
           C:\Users\Liber\Desktop\newLib\lib\VIA_12\ 


------ Summary Statistics ------


netrev run on Apr 1 13:36:28 2014
   DESIGN NAME : 'GPRSPART'
   PACKAGING ON Nov 17 2009 03:09:43

   COMPILE 'logic'
   CHECK_PIN_NAMES OFF
   CROSS_REFERENCE OFF
   FEEDBACK OFF
   INCREMENTAL OFF
   INTERFACE_TYPE PHYSICAL
   MAX_ERRORS 500
   MERGE_MINIMUM 5
   NET_NAME_CHARS '#%&()*+-./:=>?@[]^_`|'
   NET_NAME_LENGTH 24
   OVERSIGHTS ON
   REPLACE_CHECK OFF
   SINGLE_NODE_NETS ON
   SPLIT_MINIMUM 0
   SUPPRESS   20
   WARNINGS ON

 No error detected
 No oversight detected
 No warning detected

cpu time      0:01:02
elapsed time  0:00:00

